<?xml version="1.0" encoding="UTF-8"?>
<!-- Generated by org.testng.reporters.JUnitReportReporter -->
<testsuite hostname="Siriporns-MacBook-Pro.local" failures="0" tests="1" name="tests.AutomationPracticeSmokeTest" time="9.226" errors="0" timestamp="2021-02-18T01:30:16 EST" skipped="0">
  <testcase classname="tests.AutomationPracticeSmokeTest" name="smokeTest" time="9.226"/>
  <system-out/>
</testsuite> <!-- tests.AutomationPracticeSmokeTest -->
