<?xml version="1.0" encoding="UTF-8"?>
<!-- Generated by org.testng.reporters.JUnitReportReporter -->
<testsuite hostname="Siriporns-MacBook-Pro.local" failures="0" tests="1" name="tests.AutomationPracticeSmokeTest" time="12.128" errors="0" timestamp="2021-02-09T15:08:13 EST" skipped="0">
  <testcase classname="tests.AutomationPracticeSmokeTest" name="smokeTest" time="12.128"/>
  <system-out/>
</testsuite> <!-- tests.AutomationPracticeSmokeTest -->
