<?xml version="1.0" encoding="UTF-8"?>
<!-- Generated by org.testng.reporters.JUnitReportReporter -->
<testsuite hostname="Siriporns-MacBook-Pro.local" failures="0" tests="1" name="tests.AutomationPracticeSmokeTest" time="8.243" errors="0" timestamp="2021-02-02T18:42:59 EST" skipped="0">
  <testcase classname="tests.AutomationPracticeSmokeTest" name="smokeTest" time="8.243"/>
  <system-out/>
</testsuite> <!-- tests.AutomationPracticeSmokeTest -->
